<?xml version="1.0"?>
<testsuites tests="0" failures="0">
<testsuite name="k6 thresholds" tests="0" failures="0">
</testsuite >
</testsuites >